<?xml version="1.0" encoding="UTF-8"?>
<testng-results skipped="0" failed="0" total="2" passed="2">
  <reporter-output>
  </reporter-output>
  <suite name="Command line suite" duration-ms="7647" started-at="2019-06-30T12:26:05Z" finished-at="2019-06-30T12:26:12Z">
    <groups>
    </groups>
    <test name="Command line test" duration-ms="7647" started-at="2019-06-30T12:26:05Z" finished-at="2019-06-30T12:26:12Z">
      <class name="com.testscripts.VerifyLoginTest">
        <test-method status="PASS" signature="OpenBrowser()[pri:0, instance:com.testscripts.VerifyLoginTest@1e67b872]" name="OpenBrowser" is-config="true" duration-ms="1851" started-at="2019-06-30T17:56:09Z" finished-at="2019-06-30T17:56:11Z">
          <reporter-output>
          </reporter-output>
        </test-method> <!-- OpenBrowser -->
        <test-method status="PASS" signature="Login()[pri:0, instance:com.testscripts.VerifyLoginTest@1e67b872]" name="Login" duration-ms="1047" started-at="2019-06-30T17:56:11Z" finished-at="2019-06-30T17:56:12Z">
          <reporter-output>
          </reporter-output>
        </test-method> <!-- Login -->
        <test-method status="PASS" signature="closeBrowser()[pri:0, instance:com.testscripts.VerifyLoginTest@1e67b872]" name="closeBrowser" is-config="true" duration-ms="714" started-at="2019-06-30T17:56:12Z" finished-at="2019-06-30T17:56:12Z">
          <reporter-output>
          </reporter-output>
        </test-method> <!-- closeBrowser -->
      </class> <!-- com.testscripts.VerifyLoginTest -->
      <class name="com.testscripts.VerifyHomePageTest">
        <test-method status="PASS" signature="OpenBrowser()[pri:0, instance:com.testscripts.VerifyHomePageTest@1936f0f5]" name="OpenBrowser" is-config="true" duration-ms="2416" started-at="2019-06-30T17:56:05Z" finished-at="2019-06-30T17:56:07Z">
          <reporter-output>
          </reporter-output>
        </test-method> <!-- OpenBrowser -->
        <test-method status="PASS" signature="VerifyHome()[pri:0, instance:com.testscripts.VerifyHomePageTest@1936f0f5]" name="VerifyHome" duration-ms="792" started-at="2019-06-30T17:56:07Z" finished-at="2019-06-30T17:56:08Z">
          <reporter-output>
          </reporter-output>
        </test-method> <!-- VerifyHome -->
        <test-method status="PASS" signature="closeBrowser()[pri:0, instance:com.testscripts.VerifyHomePageTest@1936f0f5]" name="closeBrowser" is-config="true" duration-ms="818" started-at="2019-06-30T17:56:08Z" finished-at="2019-06-30T17:56:09Z">
          <reporter-output>
          </reporter-output>
        </test-method> <!-- closeBrowser -->
      </class> <!-- com.testscripts.VerifyHomePageTest -->
    </test> <!-- Command line test -->
  </suite> <!-- Command line suite -->
</testng-results>
