<?xml version="1.0" encoding="UTF-8"?>
<testng-results skipped="0" failed="0" ignored="0" total="1" passed="1">
  <reporter-output>
  </reporter-output>
  <suite name="Default suite" duration-ms="5034" started-at="2019-06-30T12:25:36Z" finished-at="2019-06-30T12:25:41Z">
    <groups>
    </groups>
    <test name="Default test" duration-ms="5034" started-at="2019-06-30T12:25:36Z" finished-at="2019-06-30T12:25:41Z">
      <class name="com.testscripts.VerifyHomePageTest">
        <test-method status="PASS" signature="OpenBrowser()[pri:0, instance:com.testscripts.VerifyHomePageTest@262b2c86]" name="OpenBrowser" is-config="true" duration-ms="3557" started-at="2019-06-30T12:25:36Z" finished-at="2019-06-30T12:25:40Z">
          <reporter-output>
          </reporter-output>
        </test-method> <!-- OpenBrowser -->
        <test-method status="PASS" signature="VerifyHome()[pri:0, instance:com.testscripts.VerifyHomePageTest@262b2c86]" name="VerifyHome" duration-ms="618" started-at="2019-06-30T12:25:40Z" finished-at="2019-06-30T12:25:40Z">
          <reporter-output>
          </reporter-output>
        </test-method> <!-- VerifyHome -->
        <test-method status="PASS" signature="closeBrowser()[pri:0, instance:com.testscripts.VerifyHomePageTest@262b2c86]" name="closeBrowser" is-config="true" duration-ms="845" started-at="2019-06-30T12:25:40Z" finished-at="2019-06-30T12:25:41Z">
          <reporter-output>
          </reporter-output>
        </test-method> <!-- closeBrowser -->
      </class> <!-- com.testscripts.VerifyHomePageTest -->
    </test> <!-- Default test -->
  </suite> <!-- Default suite -->
</testng-results>
